Sequence        		tRNA  	Bounds	tRNA	Anti	Intron Bounds	Cove
Name            	tRNA #	Begin 	End   	Type	Codon	Begin	End	Score
--------        	------	----  	------	----	-----	-----	----	------
tpg|BK006935.2| 	1	139152	139254	Pro	TGG	139188	139218	49.29
tpg|BK006935.2| 	2	166267	166339	Ala	TGC	0	0	72.91
tpg|BK006935.2| 	3	181141	181254	Leu	CAA	181179	181210	53.74
tpg|BK006935.2| 	4	182603	182522	Ser	AGA	0	0	70.76
tpg|BK006936.2| 	1	9583  	9666  	Leu	TAA	0	0	65.32
tpg|BK006936.2| 	2	36398 	36488 	Phe	GAA	36435	36452	64.06
tpg|BK006936.2| 	3	197494	197567	Ile	AAT	0	0	65.31
tpg|BK006936.2| 	4	227075	227156	Ser	AGA	0	0	70.76
tpg|BK006936.2| 	5	266378	266450	Thr	AGT	0	0	76.53
tpg|BK006936.2| 	6	347603	347686	Leu	TAA	0	0	65.32
tpg|BK006936.2| 	7	350827	350898	Gln	TTG	0	0	62.61
tpg|BK006936.2| 	8	405878	405949	Arg	TCT	0	0	68.81
tpg|BK006936.2| 	9	405960	406031	Asp	GTC	0	0	56.76
tpg|BK006936.2| 	10	645167	645238	Glu	TTC	0	0	63.79
tpg|BK006936.2| 	11	643078	643007	Cys	GCA	0	0	67.58
tpg|BK006936.2| 	12	326865	326792	Val	TAC	0	0	65.73
tpg|BK006936.2| 	13	197699	197629	Gly	GCC	0	0	62.22
tpg|BK006937.2| 	1	90859 	90972 	Leu	CAA	90897	90928	54.11
tpg|BK006937.2| 	2	127716	127789	Asn	GTT	0	0	71.69
tpg|BK006937.2| 	3	149920	149991	Met	CAT	0	0	69.10
tpg|BK006937.2| 	4	227942	228042	Ser	CGA	227979	227997	56.09
tpg|BK006937.2| 	5	295484	295556	Thr	AGT	0	0	76.53
tpg|BK006937.2| 	6	168372	168301	Gln	TTG	0	0	65.21
tpg|BK006937.2| 	7	151356	151284	Lys	CTT	0	0	73.15
tpg|BK006937.2| 	8	142771	142701	Gly	GCC	0	0	62.22
tpg|BK006937.2| 	9	123648	123577	Pro	AGG	0	0	54.99
tpg|BK006937.2| 	10	82533 	82462 	Glu	TTC	0	0	63.79
tpg|BK006938.2| 	1	83548 	83618 	Gly	GCC	0	0	62.22
tpg|BK006938.2| 	2	359577	359672	Lys	TTT	359614	359636	62.30
tpg|BK006938.2| 	3	410379	410451	Ala	AGC	0	0	65.24
tpg|BK006938.2| 	4	437772	437853	Ser	AGA	0	0	70.76
tpg|BK006938.2| 	5	519743	519826	Leu	TAA	0	0	65.32
tpg|BK006938.2| 	6	520972	521043	Gln	TTG	0	0	65.21
tpg|BK006938.2| 	7	568882	568953	Arg	TCT	0	0	68.81
tpg|BK006938.2| 	8	568964	569035	Asp	GTC	0	0	56.76
tpg|BK006938.2| 	9	884361	884493	Ile	TAT	884398	884457	56.35
tpg|BK006938.2| 	10	946312	946400	Tyr	GTA	946351	946364	61.09
tpg|BK006938.2| 	11	992832	992902	Gly	GCC	0	0	62.22
tpg|BK006938.2| 	12	1175829	1175901	Met	CAT	0	0	65.14
tpg|BK006938.2| 	13	1201750	1201822	Lys	CTT	0	0	73.15
tpg|BK006938.2| 	14	1305630	1305712	Ser	AGA	0	0	71.54
tpg|BK006938.2| 	15	1461829	1461715	Leu	CAA	1461791	1461759	54.12
tpg|BK006938.2| 	16	1352538	1352466	Lys	CTT	0	0	73.15
tpg|BK006938.2| 	17	1257079	1257008	Gly	CCC	0	0	68.60
tpg|BK006938.2| 	18	1150941	1150842	Undet	???	0	0	43.39
tpg|BK006938.2| 	19	1095461	1095370	Phe	GAA	1095424	1095406	65.12
tpg|BK006938.2| 	20	1075544	1075472	Val	CAC	0	0	67.16
tpg|BK006938.2| 	21	1017278	1017207	Glu	CTC	0	0	58.25
tpg|BK006938.2| 	22	981055	980974	Ser	AGA	0	0	70.76
tpg|BK006938.2| 	23	802802	802731	Gln	TTG	0	0	65.21
tpg|BK006938.2| 	24	668080	668007	Ile	AAT	0	0	65.31
tpg|BK006938.2| 	25	645224	645153	Gln	TTG	0	0	65.21
tpg|BK006938.2| 	26	620041	619969	Arg	ACG	0	0	62.57
tpg|BK006938.2| 	27	488870	488797	Val	TAC	0	0	65.73
tpg|BK006938.2| 	28	434336	434264	Thr	AGT	0	0	76.53
tpg|BK006939.2| 	1	86604 	86685 	Ser	AGA	0	0	70.76
tpg|BK006939.2| 	2	100133	100204	Met	CAT	0	0	69.10
tpg|BK006939.2| 	3	138666	138737	Arg	TCT	0	0	68.81
tpg|BK006939.2| 	4	177099	177170	Glu	TTC	0	0	63.79
tpg|BK006939.2| 	5	207357	207428	His	GTG	0	0	63.32
tpg|BK006939.2| 	6	250286	250357	Gln	TTG	0	0	65.21
tpg|BK006939.2| 	7	354934	355005	Glu	TTC	0	0	63.79
tpg|BK006939.2| 	8	438700	438773	Val	AAC	0	0	57.22
tpg|BK006939.2| 	9	469457	469530	Val	AAC	0	0	57.22
tpg|BK006939.2| 	10	551358	551285	Ile	AAT	0	0	65.31
tpg|BK006939.2| 	11	492424	492352	Arg	ACG	0	0	62.57
tpg|BK006939.2| 	12	487402	487331	Glu	TTC	0	0	63.79
tpg|BK006939.2| 	13	443275	443202	Ile	AAT	0	0	65.31
tpg|BK006939.2| 	14	435824	435752	Lys	CTT	0	0	73.15
tpg|BK006939.2| 	15	434612	434541	His	GTG	0	0	63.32
tpg|BK006939.2| 	16	312095	312023	Ala	TGC	0	0	72.91
tpg|BK006939.2| 	17	288524	288443	Ser	TGA	0	0	68.87
tpg|BK006939.2| 	18	135497	135425	Lys	CTT	0	0	73.15
tpg|BK006939.2| 	19	131153	131082	Gln	TTG	0	0	65.97
tpg|BK006939.2| 	20	61960 	61890 	Gly	GCC	0	0	62.22
tpg|BK006940.2| 	1	101376	101478	Pro	TGG	101412	101442	49.43
tpg|BK006940.2| 	2	162228	162298	Gly	GCC	0	0	62.22
tpg|BK006940.2| 	3	167437	167525	Tyr	GTA	167476	167489	60.49
tpg|BK006940.2| 	4	226760	226688	Lys	CTT	0	0	73.15
tpg|BK006940.2| 	5	210707	210619	Tyr	GTA	210668	210655	60.49
tpg|BK006940.2| 	6	204996	204924	Ala	AGC	0	0	65.24
tpg|BK006940.2| 	7	191613	191513	Ser	GCT	191576	191558	56.72
tpg|BK006940.2| 	8	181044	180974	Gly	GCC	0	0	62.22
tpg|BK006940.2| 	9	158007	157916	Phe	GAA	157970	157952	64.89
tpg|BK006940.2| 	10	137559	137486	Asn	GTT	0	0	71.69
tpg|BK006941.2| 	1	115488	115583	Lys	TTT	115525	115547	62.30
tpg|BK006941.2| 	2	122269	122341	Lys	CTT	0	0	73.15
tpg|BK006941.2| 	3	205521	205634	Leu	CAA	205559	205590	53.37
tpg|BK006941.2| 	4	319781	319852	His	GTG	0	0	63.32
tpg|BK006941.2| 	5	328583	328654	Glu	TTC	0	0	63.79
tpg|BK006941.2| 	6	405470	405541	Arg	TCT	0	0	68.81
tpg|BK006941.2| 	7	423092	423205	Leu	CAA	423130	423161	54.11
tpg|BK006941.2| 	8	531610	531681	Asp	GTC	0	0	56.76
tpg|BK006941.2| 	9	541850	541921	Glu	TTC	0	0	63.79
tpg|BK006941.2| 	10	661749	661820	Thr	TGT	0	0	72.60
tpg|BK006941.2| 	11	700675	700756	Leu	GAG	0	0	52.65
tpg|BK006941.2| 	12	731137	731210	Asn	GTT	0	0	71.69
tpg|BK006941.2| 	13	736340	736411	Arg	TCT	0	0	68.81
tpg|BK006941.2| 	14	739122	739195	Ile	AAT	0	0	65.31
tpg|BK006941.2| 	15	774349	774421	Ala	AGC	0	0	65.24
tpg|BK006941.2| 	16	779616	779687	Gly	TCC	0	0	61.38
tpg|BK006941.2| 	17	794417	794489	Ala	TGC	0	0	72.91
tpg|BK006941.2| 	18	823482	823555	Val	AAC	0	0	57.22
tpg|BK006941.2| 	19	845649	845719	Gly	GCC	0	0	62.22
tpg|BK006941.2| 	20	876394	876466	Lys	CTT	0	0	73.15
tpg|BK006941.2| 	21	1004216	1004287	Thr	TGT	0	0	72.60
tpg|BK006941.2| 	22	931023	930953	Gly	GCC	0	0	62.22
tpg|BK006941.2| 	23	878815	878710	Trp	CCA	878779	878746	64.65
tpg|BK006941.2| 	24	857491	857378	Leu	CAA	857453	857422	54.11
tpg|BK006941.2| 	25	828794	828723	Arg	TCT	0	0	68.81
tpg|BK006941.2| 	26	707179	707108	Cys	GCA	0	0	67.58
tpg|BK006941.2| 	27	701048	700953	Lys	TTT	701011	700989	62.89
tpg|BK006941.2| 	28	561743	561662	Ser	AGA	0	0	70.76
tpg|BK006941.2| 	29	544648	544577	Asp	GTC	0	0	56.76
tpg|BK006941.2| 	30	440807	440716	Phe	GAA	440770	440752	64.89
tpg|BK006941.2| 	31	412367	412294	Val	AAC	0	0	57.22
tpg|BK006941.2| 	32	401598	401527	Glu	TTC	0	0	63.79
tpg|BK006941.2| 	33	287455	287350	Trp	CCA	287419	287386	64.65
tpg|BK006941.2| 	34	185786	185714	Lys	CTT	0	0	73.15
tpg|BK006941.2| 	35	110696	110625	His	GTG	0	0	63.32
tpg|BK006941.2| 	36	73902 	73829 	Val	AAC	0	0	57.22
tpg|BK006934.2| 	1	62755 	62826 	His	GTG	0	0	63.32
tpg|BK006934.2| 	2	134321	134392	Gln	TTG	0	0	65.21
tpg|BK006934.2| 	3	466990	467061	Thr	TGT	0	0	73.00
tpg|BK006934.2| 	4	475778	475706	Val	CAC	0	0	67.16
tpg|BK006934.2| 	5	388995	388893	Pro	TGG	388959	388929	47.96
tpg|BK006934.2| 	6	358569	358478	Phe	GAA	358532	358514	64.89
tpg|BK006934.2| 	7	237939	237848	Phe	GAA	237902	237884	64.89
tpg|BK006934.2| 	8	146314	146242	Ala	AGC	0	0	65.24
tpg|BK006934.2| 	9	133107	133026	Ser	AGA	0	0	70.76
tpg|BK006934.2| 	10	116179	116107	Thr	AGT	0	0	76.53
tpg|BK006934.2| 	11	85371 	85298 	Val	AAC	0	0	57.22
tpg|BK006942.2| 	1	175031	175103	Thr	AGT	0	0	76.53
tpg|BK006942.2| 	2	197592	197663	Glu	CTC	0	0	58.25
tpg|BK006942.2| 	3	210665	210738	Ile	AAT	0	0	65.31
tpg|BK006942.2| 	4	248850	248931	Ser	TGA	0	0	68.87
tpg|BK006942.2| 	5	325748	325820	Thr	AGT	0	0	76.53
tpg|BK006942.2| 	6	370417	370488	Glu	TTC	0	0	63.79
tpg|BK006942.2| 	7	336420	336349	Asp	GTC	0	0	56.76
tpg|BK006942.2| 	8	324374	324303	Asp	GTC	0	0	56.76
tpg|BK006942.2| 	9	300300	300228	Lys	CTT	0	0	73.15
tpg|BK006942.2| 	10	183513	183440	Ile	AAT	0	0	65.31
tpg|BK006943.2| 	1	204735	204806	Asp	GTC	0	0	56.76
tpg|BK006943.2| 	2	233939	234011	Arg	ACG	0	0	60.16
tpg|BK006943.2| 	3	354244	354332	Tyr	GTA	354283	354296	60.49
tpg|BK006943.2| 	4	355374	355445	Arg	TCT	0	0	68.81
tpg|BK006943.2| 	5	355456	355527	Asp	GTC	0	0	56.76
tpg|BK006943.2| 	6	378360	378433	Val	AAC	0	0	57.22
tpg|BK006943.2| 	7	414966	415038	Lys	CTT	0	0	73.15
tpg|BK006943.2| 	8	422937	423009	Met	CAT	0	0	65.14
tpg|BK006943.2| 	9	531828	531898	Gly	GCC	0	0	62.22
tpg|BK006943.2| 	10	538555	538626	Arg	CCT	0	0	70.94
tpg|BK006943.2| 	11	541508	541579	Asp	GTC	0	0	56.76
tpg|BK006943.2| 	12	617919	618019	Leu	TAG	617957	617975	57.91
tpg|BK006943.2| 	13	543044	542956	Tyr	GTA	543005	542992	61.09
tpg|BK006943.2| 	14	524093	524012	Ser	AGA	0	0	70.76
tpg|BK006943.2| 	15	517884	517813	Met	CAT	0	0	69.10
tpg|BK006943.2| 	16	424515	424432	Leu	TAA	0	0	65.32
tpg|BK006943.2| 	17	416036	415931	Trp	CCA	416000	415967	64.65
tpg|BK006943.2| 	18	396796	396726	Gly	GCC	0	0	62.22
tpg|BK006943.2| 	19	391115	391043	Met	CAT	0	0	65.14
tpg|BK006943.2| 	20	374577	374506	Arg	TCT	0	0	68.81
tpg|BK006943.2| 	21	374495	374424	Asp	GTC	0	0	56.76
tpg|BK006943.2| 	22	197385	197313	Ala	AGC	0	0	65.24
tpg|BK006943.2| 	23	116010	115939	Glu	TTC	0	0	63.79
tpg|BK006943.2| 	24	59172 	59100 	Thr	AGT	0	0	76.53
tpg|BK006944.2| 	1	74624 	74697 	Asn	GTT	0	0	71.69
tpg|BK006944.2| 	2	84208 	84291 	Leu	TAA	0	0	65.32
tpg|BK006944.2| 	3	202999	203071	Lys	CTT	0	0	73.15
tpg|BK006944.2| 	4	219895	219967	Ala	AGC	0	0	65.24
tpg|BK006944.2| 	5	302918	303023	Trp	CCA	302954	302987	64.65
tpg|BK006944.2| 	6	379680	379753	Val	AAC	0	0	57.22
tpg|BK006944.2| 	7	458557	458670	Leu	CAA	458595	458626	54.11
tpg|BK006944.2| 	8	490968	491040	Arg	ACG	0	0	62.57
tpg|BK006944.2| 	9	517988	518060	Ala	AGC	0	0	65.24
tpg|BK006944.2| 	10	578965	579060	Lys	TTT	579002	579024	62.30
tpg|BK006944.2| 	11	513403	513332	Asp	GTC	0	0	56.76
tpg|BK006944.2| 	12	313472	313401	His	GTG	0	0	63.32
tpg|BK006944.2| 	13	308217	308144	Val	AAC	0	0	57.22
tpg|BK006944.2| 	14	162558	162487	Arg	TCT	0	0	68.81
tpg|BK006944.2| 	15	141089	141018	Glu	TTC	0	0	63.79
tpg|BK006944.2| 	16	46806 	46735 	Thr	CGT	0	0	74.15
tpg|BK006945.2| 	1	92548 	92650 	Pro	TGG	92584	92614	48.70
tpg|BK006945.2| 	2	374355	374427	Arg	ACG	0	0	62.57
tpg|BK006945.2| 	3	427132	427203	Asp	GTC	0	0	56.76
tpg|BK006945.2| 	4	628383	628497	Leu	CAA	628421	628453	55.45
tpg|BK006945.2| 	5	732090	732190	Leu	TAG	732128	732146	57.91
tpg|BK006945.2| 	6	734802	734875	Ile	AAT	0	0	65.31
tpg|BK006945.2| 	7	784354	784453	Undet	???	0	0	43.39
tpg|BK006945.2| 	8	793918	793989	Asp	GTC	0	0	56.76
tpg|BK006945.2| 	9	797178	797249	Glu	TTC	0	0	63.79
tpg|BK006945.2| 	10	818609	818680	Arg	CCG	0	0	51.12
tpg|BK006945.2| 	11	875376	875471	Lys	TTT	875413	875435	62.30
tpg|BK006945.2| 	12	1052144	1052071	Ile	AAT	0	0	65.31
tpg|BK006945.2| 	13	976056	975983	Asn	GTT	0	0	71.69
tpg|BK006945.2| 	14	963055	962972	Leu	TAA	0	0	65.32
tpg|BK006945.2| 	15	687932	687859	Val	AAC	0	0	57.22
tpg|BK006945.2| 	16	657006	656934	Ala	AGC	0	0	65.24
tpg|BK006945.2| 	17	605432	605300	Ile	TAT	605395	605336	55.43
tpg|BK006945.2| 	18	592619	592519	Leu	TAG	592581	592563	57.40
tpg|BK006945.2| 	19	448721	448650	Gln	TTG	0	0	65.21
tpg|BK006945.2| 	20	214955	214883	Ala	TGC	0	0	72.91
tpg|BK006945.2| 	21	168025	167944	Ser	AGA	0	0	70.76
tpg|BK006946.2| 	1	168795	168883	Tyr	GTA	168834	168847	60.49
tpg|BK006946.2| 	2	290801	290872	Glu	TTC	0	0	57.74
tpg|BK006946.2| 	3	352280	352370	Phe	GAA	352317	352334	64.51
tpg|BK006946.2| 	4	363064	363135	His	GTG	0	0	63.32
tpg|BK006946.2| 	5	463554	463625	Asp	GTC	0	0	56.76
tpg|BK006946.2| 	6	504895	505008	Leu	CAA	504933	504964	54.11
tpg|BK006946.2| 	7	837928	838016	Tyr	GTA	837967	837980	60.49
tpg|BK006946.2| 	8	808317	808246	Gln	CTG	0	0	58.95
tpg|BK006946.2| 	9	768441	768369	Ala	AGC	0	0	65.24
tpg|BK006946.2| 	10	747963	747892	Arg	TCT	0	0	68.81
tpg|BK006946.2| 	11	586709	586636	Val	AAC	0	0	57.22
tpg|BK006946.2| 	12	572955	572883	Met	CAT	0	0	65.14
tpg|BK006946.2| 	13	480693	480621	Lys	CTT	0	0	73.15
tpg|BK006946.2| 	14	420661	420588	Val	AAC	0	0	57.22
tpg|BK006946.2| 	15	379408	379303	Trp	CCA	379372	379339	64.65
tpg|BK006946.2| 	16	372518	372445	Val	AAC	0	0	57.22
tpg|BK006946.2| 	17	321219	321147	Ala	AGC	0	0	65.24
tpg|BK006946.2| 	18	259239	259158	Ser	AGA	0	0	70.76
tpg|BK006946.2| 	19	196170	196068	Pro	TGG	196134	196104	49.29
tpg|BK006946.2| 	20	183968	183898	Gly	GCC	0	0	62.22
tpg|BK006946.2| 	21	131896	131825	Arg	TCT	0	0	68.81
tpg|BK006947.3| 	1	102716	102789	Asn	GTT	0	0	71.69
tpg|BK006947.3| 	2	104805	104877	Thr	AGT	0	0	76.53
tpg|BK006947.3| 	3	374869	374959	Phe	GAA	374906	374923	63.55
tpg|BK006947.3| 	4	443006	443119	Leu	CAA	443044	443075	54.11
tpg|BK006947.3| 	5	547094	547196	Pro	TGG	547130	547160	47.96
tpg|BK006947.3| 	6	568115	568217	Pro	TGG	568151	568181	47.96
tpg|BK006947.3| 	7	602312	602385	Ile	AAT	0	0	65.31
tpg|BK006947.3| 	8	632599	632672	Asn	GTT	0	0	71.69
tpg|BK006947.3| 	9	726217	726134	Leu	TAA	0	0	65.32
tpg|BK006947.3| 	10	631917	631846	Pro	AGG	0	0	54.99
tpg|BK006947.3| 	11	569940	569867	Ile	AAT	0	0	65.31
tpg|BK006947.3| 	12	560765	560693	Thr	AGT	0	0	76.53
tpg|BK006947.3| 	13	519169	519099	Asp	GTC	0	0	28.08
tpg|BK006947.3| 	14	96312 	96241 	Gly	TCC	0	0	61.38
tpg|BK006948.2| 	1	113802	113874	Thr	AGT	0	0	76.53
tpg|BK006948.2| 	2	228331	228404	Asn	GTT	0	0	71.69
tpg|BK006948.2| 	3	274673	274773	Ser	GCT	274710	274728	56.72
tpg|BK006948.2| 	4	282164	282234	Gly	GCC	0	0	62.22
tpg|BK006948.2| 	5	288192	288280	Tyr	GTA	288231	288244	61.09
tpg|BK006948.2| 	6	301097	301198	Pro	TGG	301133	301162	48.04
tpg|BK006948.2| 	7	438643	438738	Lys	TTT	438680	438702	62.30
tpg|BK006948.2| 	8	464450	464551	Pro	TGG	464486	464515	48.46
tpg|BK006948.2| 	9	487439	487512	Asn	GTT	0	0	71.69
tpg|BK006948.2| 	10	571958	572029	Asp	GTC	0	0	56.76
tpg|BK006948.2| 	11	710201	710272	Met	CAT	0	0	69.10
tpg|BK006948.2| 	12	976421	976493	Met	CAT	0	0	65.14
tpg|BK006948.2| 	13	980683	980787	Pro	TGG	980719	980751	44.36
tpg|BK006948.2| 	14	854259	854187	Ala	TGC	0	0	72.91
tpg|BK006948.2| 	15	663885	663812	Val	AAC	0	0	55.89
tpg|BK006948.2| 	16	594425	594354	Gly	CCC	0	0	74.08
tpg|BK006948.2| 	17	354113	354041	Thr	AGT	0	0	76.53
tpg|BK006948.2| 	18	340371	340299	Arg	ACG	0	0	62.57
tpg|BK006948.2| 	19	226681	226611	Gly	GCC	0	0	62.22
tpg|BK006948.2| 	20	111033	110962	Gly	TCC	0	0	61.38
tpg|BK006949.2| 	1	572269	572339	Gly	GCC	0	0	62.22
tpg|BK006949.2| 	2	582062	582134	Lys	CTT	0	0	73.15
tpg|BK006949.2| 	3	689565	689646	Ser	TGA	0	0	68.87
tpg|BK006949.2| 	4	744284	744355	Thr	TGT	0	0	72.60
tpg|BK006949.2| 	5	810676	810749	Asn	GTT	0	0	71.69
tpg|BK006949.2| 	6	819529	819602	Ile	AAT	0	0	65.31
tpg|BK006949.2| 	7	856902	856974	Ala	AGC	0	0	65.24
tpg|BK006949.2| 	8	860379	860449	Gly	GCC	0	0	62.22
tpg|BK006949.2| 	9	880369	880296	Ile	AAT	0	0	65.31
tpg|BK006949.2| 	10	775836	775765	Cys	GCA	0	0	67.58
tpg|BK006949.2| 	11	769302	769207	Lys	TTT	769265	769243	62.30
tpg|BK006949.2| 	12	622631	622540	Phe	GAA	622594	622576	64.89
tpg|BK006949.2| 	13	560289	560198	Phe	GAA	560252	560234	64.89
tpg|BK006949.2| 	14	435964	435893	Cys	GCA	0	0	67.58
tpg|BK006949.2| 	15	338919	338848	Met	CAT	0	0	69.10
tpg|BK006949.2| 	16	210263	210192	Glu	TTC	0	0	63.79
tpg|BK006949.2| 	17	56274 	56169 	Trp	CCA	56238	56205	64.65
ref|NC_001224|  	1	9374  	9444  	SeC	TCA	0	0	69.27
ref|NC_001224|  	2	35373 	35444 	Glu	TTC	0	0	47.71
ref|NC_001224|  	3	48201 	48287 	Ser	TGA	0	0	56.46
ref|NC_001224|  	4	63862 	63934 	Thr	TGT	0	0	72.14
ref|NC_001224|  	5	64597 	64667 	His	GTG	0	0	58.65
ref|NC_001224|  	6	66095 	66176 	Leu	TAA	0	0	56.28
ref|NC_001224|  	7	66210 	66282 	Gln	TTG	0	0	51.52
ref|NC_001224|  	8	67061 	67132 	Lys	TTT	0	0	56.14
ref|NC_001224|  	9	67309 	67381 	Arg	TCT	0	0	69.43
ref|NC_001224|  	10	67468 	67539 	Gly	TCC	0	0	65.37
ref|NC_001224|  	11	68322 	68393 	Asp	GTC	0	0	50.81
ref|NC_001224|  	12	69289 	69359 	Arg	ACG	0	0	61.96
ref|NC_001224|  	13	69846 	69918 	Ala	TGC	0	0	55.22
ref|NC_001224|  	14	70162 	70234 	Ile	GAT	0	0	61.58
ref|NC_001224|  	15	71433 	71504 	Asn	GTT	0	0	66.43
ref|NC_001224|  	16	72632 	72705 	Met	CAT	0	0	64.80
ref|NC_001224|  	17	77431 	77502 	Phe	GAA	0	0	59.79
ref|NC_001224|  	18	78533 	78605 	Val	TAC	0	0	73.02
ref|NC_001224|  	19	85035 	85107 	Met	CAT	0	0	52.71
ref|NC_001224|  	20	78162 	78091 	Undet	???	0	0	54.62
