Sequence		tRNA  	Bounds	tRNA	Anti	Intron Bounds	Cove
Name    	tRNA #	Begin 	End   	Type	Codon	Begin	End	Score
--------	------	----  	------	----	-----	-----	----	------
1       	1	516   	588   	Thr	AGT	0	0	74.05
1       	2	272017	272107	Phe	GAA	272054	272071	63.69
1       	3	340268	340382	Leu	CAA	340306	340338	53.52
1       	4	438115	438216	Pro	TGG	438151	438180	49.96
1       	5	443548	443620	Thr	AGT	0	0	76.53
1       	6	452706	452807	Pro	TGG	452742	452771	49.45
1       	7	416297	416226	Asp	GTC	0	0	56.76
2       	1	83344 	83445 	Pro	TGG	83380	83409	49.36
2       	2	357429	357501	Arg	ACG	0	0	62.57
2       	3	206781	206709	Ala	TGC	0	0	72.91
2       	4	159219	159137	Ser	AGA	0	0	56.01
3       	1	298876	298806	Gly	GCC	0	0	62.22
3       	2	24873 	24778 	Lys	TTT	24836	24814	62.89
4       	1	286   	400   	Leu	CAA	324	356	53.01
4       	2	99000 	99100 	Leu	TAG	99038	99056	57.91
4       	3	101498	101571	Ile	AAT	0	0	65.31
4       	4	151186	151286	Ser	GCT	151223	151241	56.72
4       	5	159581	159652	Asp	GTC	0	0	56.76
4       	6	163257	163328	Glu	TTC	0	0	63.79
4       	7	184451	184522	Arg	CCG	0	0	51.12
4       	8	241304	241399	Lys	TTT	241341	241363	62.89
4       	9	337220	337147	Asn	GTT	0	0	71.69
4       	10	323069	322986	Leu	TAA	0	0	65.32
4       	11	54618 	54545 	Val	AAC	0	0	57.22
4       	12	23283 	23211 	Ala	AGC	0	0	65.24
5       	1	161615	161686	Cys	GCA	0	0	67.58
5       	2	158336	158265	Glu	TTC	0	0	63.79
6       	1	22317 	22390 	Val	TAC	0	0	65.73
6       	2	137134	137204	Gly	GCC	0	0	62.22
6       	3	318831	318748	Leu	TAA	0	0	65.32
6       	4	298941	298850	Phe	GAA	298904	298886	64.30
6       	5	137393	137320	Ile	AAT	0	0	65.31
6       	6	112680	112599	Ser	AGA	0	0	70.04
6       	7	79029 	78957 	Thr	AGT	0	0	76.53
6       	8	2237  	2150  	Leu	TAA	0	0	56.47
7       	1	297623	297542	Cys	GCA	0	0	47.12
7       	2	200603	200536	Met	CAT	0	0	36.18
7       	3	73652 	73581 	Glu	TTC	0	0	63.79
8       	1	120830	120902	Ala	TGC	0	0	72.91
8       	2	264500	264429	Met	CAT	0	0	69.10
8       	3	4706  	4634  	Met	CAT	0	0	65.14
9       	1	60753 	60826 	Asn	GTT	0	0	71.69
9       	2	70511 	70594 	Leu	TAA	0	0	65.32
9       	3	189842	189914	Lys	CTT	0	0	73.15
9       	4	206274	206346	Ala	AGC	0	0	65.24
9       	5	149163	149092	Arg	TCT	0	0	66.73
9       	6	127260	127189	Glu	TTC	0	0	63.79
9       	7	30256 	30185 	Thr	CGT	0	0	74.15
10      	1	31853 	31934 	Ser	AGA	0	0	71.64
10      	2	89590 	89692 	Pro	TGG	89626	89656	50.34
10      	3	96289 	96359 	Gly	GCC	0	0	62.22
10      	4	147461	147532	Arg	TCT	0	0	68.81
10      	5	110908	110820	Tyr	GTA	110869	110856	62.15
11      	1	88683 	88755 	Ala	AGC	0	0	65.24
11      	2	227592	227664	Thr	AGT	0	0	74.05
11      	3	88493 	88422 	Asp	GTC	0	0	56.76
11      	4	59060 	58988 	Arg	ACG	0	0	60.16
12      	1	4877  	4948  	Arg	TCT	0	0	68.81
12      	2	43632 	43703 	Glu	TTC	0	0	63.79
12      	3	74674 	74745 	His	GTG	0	0	63.32
12      	4	116235	116306	Gln	TTG	0	0	65.21
12      	5	220357	220428	Glu	TTC	0	0	63.79
12      	6	176629	176557	Ala	TGC	0	0	72.91
12      	7	154459	154378	Ser	TGA	0	0	68.87
12      	8	4685  	4613  	Lys	CTT	0	0	73.15
13      	1	560   	660   	Pro	TGG	596	624	50.43
13      	2	30694 	30785 	Phe	GAA	30731	30749	65.03
13      	3	151903	151994	Phe	GAA	151940	151958	65.03
14      	1	61098 	61179 	Ser	AGA	0	0	70.04
14      	2	215337	215223	Leu	CAA	215299	215267	53.01
14      	3	106631	106559	Lys	CTT	0	0	73.15
14      	4	11317 	11246 	Gly	CCC	0	0	68.60
15      	1	5221  	5292  	His	GTG	0	0	63.32
15      	2	99879 	99950 	Asp	GTC	0	0	56.76
15      	3	140152	140266	Leu	CAA	140190	140222	52.27
15      	4	116989	116917	Lys	CTT	0	0	73.15
15      	5	55966 	55893 	Val	AAC	0	0	53.70
15      	6	15130 	15025 	Trp	CCA	15094	15061	58.79
15      	7	13680 	13607 	Val	AAC	0	0	53.70
16      	1	120124	120195	Thr	TGT	0	0	72.60
16      	2	47303 	47233 	Gly	GCC	0	0	62.22
17      	1	22161 	22232 	Met	CAT	0	0	69.10
17      	2	104071	104154	Leu	TAA	0	0	65.32
17      	3	112554	112659	Trp	CCA	112590	112623	58.19
17      	4	131414	131484	Gly	GCC	0	0	62.22
17      	5	136980	137052	Met	CAT	0	0	66.74
17      	6	151038	151109	Arg	TCT	0	0	66.73
17      	7	151125	151196	Asp	GTC	0	0	56.76
17      	8	149711	149638	Val	AAC	0	0	53.70
17      	9	113607	113535	Lys	CTT	0	0	73.15
17      	10	105650	105578	Met	CAT	0	0	65.14
17      	11	6234  	6164  	Gly	GCC	0	0	62.22
18      	1	87516 	87587 	Gly	TCC	0	0	61.38
18      	2	84464 	84392 	Thr	AGT	0	0	74.05
19      	1	323   	394   	Arg	TCT	0	0	66.73
20      	1	8064  	8137  	Ile	AAT	0	0	65.31
20      	2	61867 	61939 	Arg	ACG	0	0	62.57
20      	3	66015 	66086 	Glu	TTC	0	0	63.79
20      	4	159895	159823	Lys	CTT	0	0	73.15
20      	5	157433	157362	His	GTG	0	0	63.32
20      	6	109291	109218	Val	AAC	0	0	53.70
20      	7	104092	104019	Ile	AAT	0	0	65.31
20      	8	83943 	83870 	Val	AAC	0	0	53.70
21      	1	99981 	100052	Gln	CTG	0	0	61.22
21      	2	138863	138935	Ala	AGC	0	0	65.24
21      	3	70713 	70625 	Tyr	GTA	70674	70661	59.18
22      	1	74196 	74296 	Leu	TAG	74234	74252	58.51
23      	1	159   	230   	Asp	GTC	0	0	56.76
23      	2	37305 	37377 	Lys	CTT	0	0	73.15
23      	3	146444	146517	Ile	AAT	0	0	65.31
23      	4	154880	154808	Thr	AGT	0	0	74.05
23      	5	132917	132846	Glu	CTC	0	0	58.25
23      	6	125003	124930	Ile	AAT	0	0	65.31
23      	7	88742 	88661 	Ser	TGA	0	0	68.87
23      	8	10790 	10718 	Thr	AGT	0	0	74.05
25      	1	145296	145367	His	GTG	0	0	63.32
25      	2	80424 	80351 	Val	AAC	0	0	57.22
26      	1	136418	136490	Thr	AGT	0	0	74.05
26      	2	50634 	50539 	Lys	TTT	50597	50575	62.89
26      	3	30238 	30136 	Pro	TGG	30202	30172	48.10
26      	4	7171  	7098  	Asn	GTT	0	0	71.69
27      	1	109773	109878	Trp	CCA	109809	109842	63.92
27      	2	77441 	77370 	His	GTG	0	0	63.32
27      	3	69581 	69510 	Glu	TTC	0	0	63.79
28      	1	109231	109098	Ile	TAT	109194	109134	54.48
28      	2	102536	102436	Leu	TAG	102498	102480	57.91
29      	1	84    	174   	Phe	GAA	121	138	63.69
29      	2	19897 	19969 	Val	CAC	0	0	67.16
29      	3	78086 	78157 	Glu	CTC	0	0	58.25
29      	4	137009	136921	Tyr	GTA	136970	136957	58.44
29      	5	102348	102278	Gly	GCC	0	0	62.22
30      	1	75    	146   	Cys	GCA	0	0	67.35
30      	2	6116  	6211  	Lys	TTT	6153	6175	62.58
30      	3	45891 	45820 	Thr	TGT	0	0	72.60
30      	4	6707  	6626  	Leu	GAG	0	0	52.65
31      	1	522   	594   	Ala	AGC	0	0	65.24
31      	2	61639 	61734 	Lys	TTT	61676	61698	61.79
32      	1	129   	243   	Leu	CAA	167	199	53.01
32      	2	40303 	40376 	Asn	GTT	0	0	71.69
32      	3	82236 	82165 	Gln	TTG	0	0	65.21
32      	4	65442 	65370 	Lys	CTT	0	0	73.15
32      	5	63068 	62997 	Met	CAT	0	0	69.10
32      	6	55368 	55298 	Gly	GCC	0	0	62.22
32      	7	35144 	35073 	Pro	AGG	0	0	54.99
33      	1	55578 	55651 	Ile	AAT	0	0	65.31
33      	2	114440	114367	Asn	GTT	0	0	71.69
33      	3	105435	105362	Ile	AAT	0	0	65.31
33      	4	79912 	79840 	Ala	AGC	0	0	65.24
33      	5	75686 	75616 	Gly	GCC	0	0	62.22
34      	1	49787 	49857 	Gly	GCC	0	0	62.22
34      	2	59707 	59779 	Lys	CTT	0	0	73.34
34      	3	100479	100388	Phe	GAA	100442	100424	64.38
34      	4	38429 	38338 	Phe	GAA	38392	38374	64.38
36      	1	75285 	75356 	Gln	TTG	0	0	65.21
36      	2	8410  	8277  	Ile	TAT	8373	8313	55.26
37      	1	17300 	17372 	Thr	AGT	0	0	76.53
37      	2	41871 	41944 	Val	AAC	0	0	57.22
37      	3	64496 	64425 	His	GTG	0	0	63.32
38      	1	64009 	64082 	Val	TAC	0	0	65.50
38      	2	114210	114127	Ser	AGA	0	0	66.57
38      	3	38362 	38291 	Gln	TTG	0	0	65.21
40      	1	519   	592   	Asn	GTT	0	0	71.69
40      	2	36585 	36484 	Pro	TGG	36549	36520	47.80
41      	1	63606 	63682 	Ser	AGA	0	0	37.50
41      	2	78693 	78764 	Met	CAT	0	0	69.10
41      	3	109369	109298	Gln	TTG	0	0	62.61
41      	4	39883 	39813 	Gly	GCC	0	0	62.22
42      	1	3868  	3951  	Leu	TAA	0	0	65.32
42      	2	101804	101875	Asp	GTC	0	0	56.76
42      	3	106508	106579	Glu	TTC	0	0	63.79
42      	4	109288	109217	Asp	GTC	0	0	56.76
42      	5	9228  	9138  	Phe	GAA	9191	9174	64.80
43      	1	73537 	73432 	Trp	CCA	73501	73468	58.34
44      	1	2486  	2589  	Pro	TGG	2522	2553	49.10
45      	1	95    	168   	Ile	AAT	0	0	65.31
45      	2	17483 	17554 	Gln	TTG	0	0	65.21
45      	3	44327 	44399 	Arg	ACG	0	0	62.57
45      	4	94767 	94696 	Arg	TCT	0	0	66.73
45      	5	94680 	94609 	Asp	GTC	0	0	56.76
46      	1	92569 	92496 	Asn	GTT	0	0	71.69
46      	2	89919 	89848 	Gly	TCC	0	0	61.38
48      	1	665   	738   	Asn	GTT	0	0	71.69
48      	2	47690 	47790 	Ser	GCT	47727	47745	56.72
48      	3	55188 	55258 	Gly	GCC	0	0	62.22
48      	4	61703 	61791 	Tyr	GTA	61742	61755	62.15
48      	5	74315 	74416 	Pro	TGG	74351	74380	51.94
49      	1	180   	252   	Lys	CTT	0	0	73.15
49      	2	82337 	82451 	Leu	CAA	82375	82407	53.61
49      	3	63608 	63536 	Lys	CTT	0	0	73.15
50      	1	145   	217   	Ala	TGC	0	0	72.91
50      	2	19032 	19105 	Val	AAC	0	0	57.22
50      	3	41896 	41966 	Gly	GCC	0	0	62.22
50      	4	74039 	74111 	Lys	CTT	0	0	73.15
50      	5	76679 	76574 	Trp	CCA	76643	76610	63.92
50      	6	53507 	53393 	Leu	CAA	53469	53437	52.27
50      	7	24338 	24267 	Arg	TCT	0	0	66.73
51      	1	3162  	3091  	Asp	GTC	0	0	56.76
52      	1	43094 	43165 	Thr	TGT	0	0	72.60
52      	2	74032 	73961 	Cys	GCA	0	0	67.35
52      	3	68131 	68036 	Lys	TTT	68094	68072	62.16
53      	1	78    	151   	Val	AAC	0	0	53.70
54      	1	61490 	61418 	Met	CAT	0	0	68.25
54      	2	35643 	35571 	Lys	CTT	0	0	73.15
55      	1	74    	146   	Val	CAC	0	0	67.16
56      	1	16915 	16834 	Ser	TGA	0	0	68.87
57      	1	78    	149   	Glu	TTC	0	0	63.79
58      	1	1622  	1695  	Val	AAC	0	0	57.22
59      	1	3379  	3291  	Tyr	GTA	3340	3327	62.01
60      	1	18452 	18525 	Asn	GTT	0	0	71.69
60      	2	23522 	23593 	Arg	TCT	0	0	66.73
60      	3	26301 	26374 	Ile	AAT	0	0	65.31
62      	1	30989 	31061 	Ala	AGC	0	0	65.24
63      	1	3407  	3478  	Asp	GTC	0	0	56.76
63      	2	59730 	59615 	Leu	CAA	59692	59659	53.10
63      	3	25851 	25779 	Arg	ACG	0	0	62.57
64      	1	11320 	11241 	Ser	TGA	0	0	46.44
65      	1	14593 	14693 	Ser	CGA	14630	14648	56.45
68      	1	21095 	21023 	Lys	CTT	0	0	73.15
68      	2	5281  	5193  	Tyr	GTA	5242	5229	59.04
69      	1	18538 	18467 	Glu	TTC	0	0	63.79
70      	1	3150  	3250  	Ser	GCT	3187	3205	56.72
72      	1	77    	149   	Thr	AGT	0	0	74.05
72      	2	25664 	25592 	Ala	AGC	0	0	65.24
74      	1	4465  	4535  	Gly	GCC	0	0	62.22
74      	2	46059 	45987 	Ala	AGC	0	0	65.24
74      	3	34126 	34026 	Ser	GCT	34089	34071	56.72
74      	4	23392 	23322 	Gly	GCC	0	0	62.22
74      	5	18173 	18085 	Tyr	GTA	18134	18121	58.44
77      	1	3758  	3829  	His	GTG	0	0	63.32
78      	1	245   	318   	Ile	AAT	0	0	65.31
81      	1	91    	164   	Val	AAC	0	0	57.22
81      	2	13723 	13795 	Met	CAT	0	0	66.74
82      	1	5461  	5533  	Arg	ACG	0	0	62.57
83      	1	407   	478   	Pro	AGG	0	0	54.99
84      	1	2739  	2810  	Asp	GTC	0	0	56.76
84      	2	24635 	24564 	Gln	TTG	0	0	65.21
85      	1	442   	513   	Gln	TTG	0	0	65.21
85      	2	12472 	12400 	Ala	AGC	0	0	65.24
86      	1	259   	330   	Arg	TCT	0	0	66.73
86      	2	17388 	17502 	Leu	CAA	17426	17458	53.01
86      	3	7057  	6984  	Val	AAC	0	0	57.22
88      	1	21964 	21891 	Asn	GTT	0	0	71.69
89      	1	10013 	10085 	Met	CAT	0	0	52.71
90      	1	474   	544   	Gly	GCC	0	0	62.22
91      	1	77    	179   	Pro	TGG	113	143	49.29
95      	1	17913 	17832 	Ser	AGA	0	0	69.16
97      	1	162   	233   	Gly	CCC	0	0	74.08
99      	1	174   	255   	Ser	AGA	0	0	70.04
99      	2	14457 	14385 	Ala	TGC	0	0	72.91
99      	3	1251  	1137  	Leu	CAA	1213	1181	53.01
101     	1	13799 	13708 	Phe	GAA	13762	13744	64.89
104     	1	2641  	2712  	Undet	???	0	0	54.62
104     	2	11795 	11724 	Asp	GTC	0	0	50.81
104     	3	10630 	10560 	Arg	ACG	0	0	61.45
104     	4	9705  	9633  	Ala	TGC	0	0	57.84
104     	5	9507  	9435  	Ile	GAT	0	0	62.25
104     	6	8354  	8283  	Asn	GTT	0	0	69.21
104     	7	7814  	7741  	Met	CAT	0	0	64.80
104     	8	3079  	3008  	Phe	GAA	0	0	59.79
104     	9	1776  	1704  	Val	TAC	0	0	73.02
105     	1	3266  	3336  	SeC	TCA	0	0	68.16
105     	2	8639  	8553  	Ser	TGA	0	0	56.46
106     	1	153   	224   	Gln	TTG	0	0	62.61
107     	1	6382  	6453  	Glu	TTC	0	0	47.71
117     	1	7416  	7321  	Lys	TTT	7379	7357	62.38
121     	1	2732  	2803  	Glu	TTC	0	0	63.79
123     	1	5237  	5309  	Thr	TGT	0	0	72.14
125     	1	4501  	4430  	Arg	CCT	0	0	70.94
125     	2	1451  	1380  	Asp	GTC	0	0	56.76
129     	1	388   	460   	Ala	AGC	0	0	65.24
136     	1	2258  	2186  	Thr	AGT	0	0	76.53
140     	1	278   	348   	His	GTG	0	0	57.52
140     	2	1101  	1182  	Leu	TAA	0	0	56.28
140     	3	1204  	1276  	Gln	TTG	0	0	51.52
140     	4	2069  	2140  	Lys	TTT	0	0	57.07
140     	5	2442  	2514  	Arg	TCT	0	0	69.43
140     	6	2652  	2723  	Gly	TCC	0	0	65.37
147     	1	638   	743   	Trp	CCA	674	707	58.28
147     	2	2073  	2000  	Val	AAC	0	0	57.22
568     	1	143   	55    	Tyr	GTA	104	91	62.01
764     	1	107   	36    	Gln	TTG	0	0	61.34
4168    	1	114   	43    	His	GTG	0	0	57.24
4224    	1	1     	74    	Val	AAC	0	0	50.93
6369    	1	102   	31    	Gly	TCC	0	0	52.98
