Sequence		tRNA   	Bounds 	tRNA	Anti	Intron Bounds	Cove
Name    	tRNA #	Begin  	End    	Type	Codon	Begin	End	Score
--------	------	----   	------ 	----	-----	-----	----	------
I       	1	365155 	365226 	Pro	TGG	0	0	64.99
I       	2	446000 	446071 	Val	CAC	0	0	60.66
I       	3	957183 	957254 	Glu	TTC	0	0	58.88
I       	4	1096369	1096466	Ser	CGA	1096406	1096421	58.59
I       	5	1096474	1096545	Met	CAT	0	0	62.94
I       	6	1421149	1421221	Cys	GCA	0	0	67.55
I       	7	1704582	1704664	Lys	CTT	1704621	1704628	67.56
I       	8	1746464	1746547	Tyr	GTA	1746502	1746511	57.04
I       	9	1772296	1772369	Ile	AAT	0	0	62.58
I       	10	2433048	2433119	Thr	AGT	0	0	69.63
I       	11	2441963	2442037	Lys	TTT	0	0	72.25
I       	12	2510538	2510610	Cys	GCA	0	0	67.11
I       	13	2578426	2578524	Ile	TAT	2578464	2578488	53.99
I       	14	3086310	3086392	Lys	CTT	3086349	3086356	66.82
I       	15	3157430	3157501	Ala	TGC	0	0	64.42
I       	16	3164749	3164820	Thr	CGT	0	0	70.54
I       	17	3443055	3443144	Arg	CCG	3443091	3443108	43.97
I       	18	3591948	3592044	Leu	TAG	3591985	3592002	44.13
I       	19	3700665	3700737	Cys	GCA	0	0	67.55
I       	20	3701556	3701628	Phe	GAA	0	0	63.21
I       	21	3736520	3736592	Arg	ACG	0	0	64.25
I       	22	3768290	3768363	Ile	AAT	0	0	64.73
I       	23	3776768	3776839	Glu	CTC	0	0	63.93
I       	24	3777192	3777265	Ala	AGC	0	0	62.24
I       	25	4265149	4265245	Ser	TGA	4265186	4265200	62.28
I       	26	4265253	4265324	Met	CAT	0	0	62.94
I       	27	4532857	4532927	Asp	GTC	0	0	64.48
I       	28	4715431	4715502	Thr	AGT	0	0	69.63
I       	29	4796977	4797059	Ala	CGC	4797013	4797023	62.05
I       	30	5437747	5437828	Ser	AGA	0	0	68.31
I       	31	5232987	5232917	Asp	GTC	0	0	64.48
I       	32	5045204	5045132	Arg	ACG	0	0	64.25
I       	33	4059106	4059028	Leu	AAG	0	0	51.37
I       	34	3773983	3773910	Ile	AAT	0	0	64.73
I       	35	3765505	3765434	Glu	CTC	0	0	63.93
I       	36	3765081	3765008	Ala	AGC	0	0	62.24
I       	37	3752406	3752334	Phe	GAA	0	0	63.21
I       	38	3710821	3710739	Val	AAC	3710783	3710775	54.48
I       	39	3559826	3559754	Trp	CCA	0	0	71.96
I       	40	3047758	3047677	Ser	AGA	0	0	68.31
I       	41	2844745	2844674	Thr	AGT	0	0	69.86
I       	42	2802858	2802761	Leu	TAA	2802820	2802805	43.99
I       	43	2684765	2684683	Lys	CTT	2684726	2684719	66.82
I       	44	2249250	2249180	Gly	GCC	0	0	66.20
I       	45	2214814	2214733	Val	AAC	2214776	2214769	53.88
I       	46	1733838	1733764	Lys	TTT	0	0	72.25
I       	47	1646362	1646292	Gly	GCC	0	0	66.20
I       	48	1603376	1603305	Thr	AGT	0	0	69.63
I       	49	1527181	1527088	Leu	CAG	1527143	1527134	53.23
I       	50	1485061	1484979	Met	CAT	1485023	1485015	52.48
I       	51	1449469	1449398	Pro	AGG	0	0	56.52
I       	52	1315020	1314924	Pro	CGG	1314983	1314960	52.43
I       	53	1195663	1195592	Ala	TGC	0	0	64.42
I       	54	934738 	934665 	Ala	AGC	0	0	62.24
I       	55	718190 	718119 	Glu	TTC	0	0	58.88
I       	56	703147 	703075 	Val	TAC	0	0	67.81
II      	1	257454 	257525 	Gln	CTG	0	0	66.42
II      	2	285676 	285749 	Ala	AGC	0	0	62.24
II      	3	326235 	326305 	Gly	TCC	0	0	59.85
II      	4	355920 	355991 	Gln	TTG	0	0	67.64
II      	5	464238 	464309 	His	GTG	0	0	61.03
II      	6	570156 	570226 	Gly	GCC	0	0	66.20
II      	7	658451 	658531 	Met	CAT	658489	658495	52.89
II      	8	717076 	717148 	Trp	CCA	0	0	71.96
II      	9	820491 	820562 	Glu	CTC	0	0	63.93
II      	10	960729 	960800 	His	GTG	0	0	61.03
II      	11	1503953	1504024	Thr	TGT	0	0	72.89
II      	12	1598511	1598594	Tyr	GTA	1598549	1598558	58.43
II      	13	1599706	1599788	Lys	CTT	1599745	1599752	66.96
II      	14	1600086	1600159	Ile	AAT	0	0	64.73
II      	15	1602188	1602260	Arg	ACG	0	0	64.25
II      	16	1618293	1618366	Ile	AAT	0	0	64.73
II      	17	1629159	1629241	Val	AAC	1629197	1629205	54.48
II      	18	1629902	1629975	Ala	AGC	0	0	62.24
II      	19	1643849	1643932	Tyr	GTA	1643887	1643896	58.43
II      	20	1645044	1645126	Lys	CTT	1645083	1645090	66.96
II      	21	1645424	1645497	Ile	AAT	0	0	64.73
II      	22	1774860	1774932	Trp	CCA	0	0	71.96
II      	23	1877221	1877292	Pro	AGG	0	0	56.52
II      	24	2032160	2032233	Asn	GTT	0	0	78.91
II      	25	2069487	2069557	Gly	CCC	0	0	55.47
II      	26	2319292	2319363	Pro	AGG	0	0	56.52
II      	27	2939715	2939786	Pro	AGG	0	0	56.52
II      	28	3350594	3350688	Ser	GCT	3350633	3350643	60.74
II      	29	3814134	3814216	Lys	CTT	3814173	3814180	66.82
II      	30	3814558	3814641	Tyr	GTA	3814596	3814605	57.83
II      	31	3914043	3914121	Leu	AAG	0	0	52.14
II      	32	3939227	3939297	Asp	GTC	0	0	64.48
II      	33	4031743	4031816	Asn	GTT	0	0	78.91
II      	34	4107639	4107710	Glu	CTC	0	0	63.93
II      	35	4210126	4210053	Asn	GTT	0	0	74.19
II      	36	3360590	3360519	Pro	TGG	0	0	65.16
II      	37	3209217	3209139	Leu	AAG	0	0	51.37
II      	38	2790446	2790375	Thr	AGT	0	0	69.63
II      	39	2768335	2768257	Leu	AAG	0	0	52.14
II      	40	2576448	2576376	Phe	GAA	0	0	63.21
II      	41	2434374	2434303	Met	CAT	0	0	62.94
II      	42	1825858	1825787	Pro	AGG	0	0	56.52
II      	43	1647355	1647283	Arg	ACG	0	0	64.25
II      	44	1646900	1646829	Glu	TTC	0	0	58.88
II      	45	1646387	1646305	Val	AAC	1646349	1646341	54.48
II      	46	1645644	1645571	Ala	AGC	0	0	62.24
II      	47	1644745	1644675	Gly	GCC	0	0	66.20
II      	48	1644183	1644083	Leu	CAA	1644145	1644127	51.49
II      	49	1630122	1630049	Ile	AAT	0	0	64.73
II      	50	1619256	1619174	Val	AAC	1619218	1619210	54.48
II      	51	1618513	1618440	Ala	AGC	0	0	62.24
II      	52	1602417	1602347	Asp	GTC	0	0	64.48
II      	53	1601562	1601491	Glu	TTC	0	0	58.88
II      	54	1601049	1600967	Val	AAC	1601011	1601003	54.48
II      	55	1600306	1600233	Ala	AGC	0	0	62.24
II      	56	1599407	1599337	Gly	GCC	0	0	66.20
II      	57	1598845	1598745	Leu	CAA	1598807	1598789	51.49
II      	58	1598155	1598075	Met	CAT	1598117	1598111	52.98
II      	59	1598069	1597996	Asn	GTT	0	0	78.91
II      	60	1402541	1402444	Leu	TAA	1402503	1402488	43.03
II      	61	1160994	1160893	Arg	CCT	1160958	1160929	53.64
II      	62	744835 	744754 	Ser	AGA	0	0	68.31
II      	63	602699 	602625 	Lys	TTT	0	0	73.36
II      	64	326724 	326652 	Arg	TCT	0	0	70.26
II      	65	285459 	285389 	Gly	TCC	0	0	63.05
II      	66	258919 	258848 	Gln	CTG	0	0	66.42
II      	67	257979 	257908 	Gln	TTG	0	0	67.64
II      	68	181064 	180994 	Gly	GCC	0	0	66.20
III     	1	71400  	71471  	His	GTG	0	0	61.03
III     	2	140967 	141038 	Glu	CTC	0	0	63.93
III     	3	578847 	578919 	Arg	TCT	0	0	73.52
III     	4	817425 	817498 	Ile	AAT	0	0	62.58
III     	5	847701 	847782 	Ser	AGA	0	0	68.31
III     	6	925852 	925924 	Arg	ACG	0	0	64.25
III     	7	947262 	947335 	Asn	GTT	0	0	78.91
III     	8	1066628	1066709	Ser	AGA	0	0	68.31
III     	9	1068029	1068099	Asp	GTC	0	0	64.48
III     	10	1069166	1069244	Leu	AAG	0	0	52.14
III     	11	1071093	1071175	Lys	CTT	1071132	1071139	66.82
III     	12	1092437	1092507	Asp	GTC	0	0	64.48
III     	13	1092934	1093016	Val	AAC	1092972	1092980	54.48
III     	14	1102809	1102909	Leu	CAA	1102847	1102865	51.49
III     	15	1105840	1105911	Thr	AGT	0	0	69.63
III     	16	1106327	1106399	Arg	ACG	0	0	64.25
III     	17	1253193	1253287	Ser	GCT	1253232	1253242	60.74
III     	18	1475034	1475116	Lys	CTT	1475073	1475080	66.82
III     	19	1689713	1689809	Ser	TGA	1689750	1689764	60.69
III     	20	1689817	1689888	Met	CAT	0	0	62.94
III     	21	1701899	1701972	Asn	GTT	0	0	78.91
III     	22	1788949	1789020	Pro	AGG	0	0	56.52
III     	23	1844639	1844710	His	GTG	0	0	61.03
III     	24	1863131	1863202	Gln	TTG	0	0	67.15
III     	25	2037352	2037422	Gly	TCC	0	0	63.02
III     	26	2072080	2072174	Ser	GCT	2072119	2072129	60.74
III     	27	2139478	2139408	Asp	GTC	0	0	64.48
III     	28	2075062	2074991	Gln	TTG	0	0	67.15
III     	29	1776073	1775992	Ser	AGA	0	0	68.31
III     	30	1361161	1361090	Thr	TGT	0	0	73.11
III     	31	1206819	1206747	Val	TAC	0	0	67.81
III     	32	1142264	1142192	Phe	GAA	0	0	63.21
III     	33	1139618	1139536	Lys	CTT	1139579	1139572	66.82
III     	34	1106557	1106487	Asp	GTC	0	0	64.48
III     	35	1106060	1105978	Val	AAC	1106022	1106014	54.48
III     	36	1097570	1097499	Glu	CTC	0	0	63.93
III     	37	1096185	1096085	Leu	CAA	1096147	1096129	51.49
III     	38	1093154	1093083	Thr	AGT	0	0	69.63
III     	39	1092667	1092595	Arg	ACG	0	0	64.25
III     	40	1068254	1068182	Arg	ACG	0	0	64.25
III     	41	1067164	1067092	Arg	TCG	0	0	70.00
III     	42	1065860	1065778	Val	AAC	1065822	1065814	54.48
III     	43	1065117	1065044	Ala	AGC	0	0	62.24
III     	44	820637 	820567 	Gly	GCC	0	0	66.20
III     	45	473280 	473199 	Ser	AGA	0	0	68.31
III     	46	331300 	331228 	Phe	GAA	0	0	63.21
III     	47	113786 	113716 	Gly	GCC	0	0	66.20
mitochondrial	1	2857   	2929   	Lys	TTT	0	0	65.51
mitochondrial	2	3060   	3130   	Asn	GTT	0	0	66.54
mitochondrial	3	4591   	4665   	Met	CAT	0	0	51.84
mitochondrial	4	9818   	9895   	Arg	TCT	0	0	67.65
mitochondrial	5	9920   	9992   	Thr	TGT	0	0	76.43
mitochondrial	6	14081  	14153  	Met	CAT	0	0	46.52
mitochondrial	7	14159  	14230  	Phe	GAA	0	0	62.00
mitochondrial	8	14394  	14476  	Leu	TAA	0	0	56.18
mitochondrial	9	14492  	14563  	Trp	CCA	0	0	55.89
mitochondrial	10	14596  	14669  	Leu	TAG	0	0	64.98
mitochondrial	11	15551  	15622  	His	GTG	0	0	62.77
mitochondrial	12	16662  	16734  	Ile	GAT	0	0	64.92
mitochondrial	13	17166  	17238  	Val	TAC	0	0	74.47
mitochondrial	14	17460  	17532  	Arg	TCG	0	0	69.17
mitochondrial	15	17542  	17613  	Met	CAT	0	0	61.11
mitochondrial	16	17635  	17716  	Ser	TGA	0	0	52.04
mitochondrial	17	18404  	18475  	Glu	TTC	0	0	55.73
